# JRE version: Java(TM) SE Runtime Environment (8.0_31-b13) (build 1.8.0_31-b13)
# Java VM: Java HotSpot(TM) 64-Bit Server VM (25.31-b07 mixed mode windows-amd64 compressed oops)
Heap:
 PSYoungGen      total 131584K, used 46860K [0x0000000780500000, 0x000000078b880000, 0x00000007c0000000)
  eden space 85504K, 19% used [0x0000000780500000,0x00000007815af2a0,0x0000000785880000)
  from space 46080K, 64% used [0x0000000785880000,0x0000000787593fd8,0x0000000788580000)
  to   space 47616K, 0% used [0x0000000788a00000,0x0000000788a00000,0x000000078b880000)
 ParOldGen       total 520704K, used 386461K [0x0000000700e00000, 0x0000000720a80000, 0x0000000780500000)
  object space 520704K, 74% used [0x0000000700e00000,0x00000007187677e0,0x0000000720a80000)
 Metaspace       used 147383K, capacity 151710K, committed 152960K, reserved 1185792K
  class space    used 14783K, capacity 15722K, committed 16000K, reserved 1048576K
GC Heap History (10 events):
Event: 169550.821 GC heap before
{Heap before GC invocations=4038 (full 25):
 PSYoungGen      total 112640K, used 105231K [0x0000000780500000, 0x0000000789b80000, 0x00000007c0000000)
  eden space 78848K, 100% used [0x0000000780500000,0x0000000785200000,0x0000000785200000)
  from space 33792K, 78% used [0x0000000787580000,0x0000000788f43fa8,0x0000000789680000)
  to   space 36352K, 0% used [0x0000000785200000,0x0000000785200000,0x0000000787580000)
 ParOldGen       total 520704K, used 380625K [0x0000000700e00000, 0x0000000720a80000, 0x0000000780500000)
  object space 520704K, 73% used [0x0000000700e00000,0x00000007181b4720,0x0000000720a80000)
 Metaspace       used 146977K, capacity 150868K, committed 152576K, reserved 1185792K
  class space    used 14683K, capacity 15544K, committed 15872K, reserved 1048576K
Event: 169550.862 GC heap after
Heap after GC invocations=4038 (full 25):
 PSYoungGen      total 115200K, used 26895K [0x0000000780500000, 0x000000078a400000, 0x00000007c0000000)
  eden space 78848K, 0% used [0x0000000780500000,0x0000000780500000,0x0000000785200000)
  from space 36352K, 73% used [0x0000000785200000,0x0000000786c43fa8,0x0000000787580000)
  to   space 38912K, 0% used [0x0000000787e00000,0x0000000787e00000,0x000000078a400000)
 ParOldGen       total 520704K, used 381801K [0x0000000700e00000, 0x0000000720a80000, 0x0000000780500000)
  object space 520704K, 73% used [0x0000000700e00000,0x00000007182da720,0x0000000720a80000)
 Metaspace       used 146977K, capacity 150868K, committed 152576K, reserved 1185792K
  class space    used 14683K, capacity 15544K, committed 15872K, reserved 1048576K
}
Event: 169572.691 GC heap before
{Heap before GC invocations=4039 (full 25):
 PSYoungGen      total 115200K, used 105743K [0x0000000780500000, 0x000000078a400000, 0x00000007c0000000)
  eden space 78848K, 100% used [0x0000000780500000,0x0000000785200000,0x0000000785200000)
  from space 36352K, 73% used [0x0000000785200000,0x0000000786c43fa8,0x0000000787580000)
  to   space 38912K, 0% used [0x0000000787e00000,0x0000000787e00000,0x000000078a400000)
 ParOldGen       total 520704K, used 381801K [0x0000000700e00000, 0x0000000720a80000, 0x0000000780500000)
  object space 520704K, 73% used [0x0000000700e00000,0x00000007182da720,0x0000000720a80000)
 Metaspace       used 147201K, capacity 151176K, committed 152576K, reserved 1185792K
  class space    used 14729K, capacity 15627K, committed 15872K, reserved 1048576K
Event: 169572.748 GC heap after
Heap after GC invocations=4039 (full 25):
 PSYoungGen      total 120832K, used 30298K [0x0000000780500000, 0x000000078a900000, 0x00000007c0000000)
  eden space 81920K, 0% used [0x0000000780500000,0x0000000780500000,0x0000000785500000)
  from space 38912K, 77% used [0x0000000787e00000,0x0000000789b96950,0x000000078a400000)
  to   space 41984K, 0% used [0x0000000785500000,0x0000000785500000,0x0000000787e00000)
 ParOldGen       total 520704K, used 382201K [0x0000000700e00000, 0x0000000720a80000, 0x0000000780500000)
  object space 520704K, 73% used [0x0000000700e00000,0x000000071833e720,0x0000000720a80000)
 Metaspace       used 147201K, capacity 151176K, committed 152576K, reserved 1185792K
  class space    used 14729K, capacity 15627K, committed 15872K, reserved 1048576K
}
Event: 169602.914 GC heap before
{Heap before GC invocations=4040 (full 25):
 PSYoungGen      total 120832K, used 112218K [0x0000000780500000, 0x000000078a900000, 0x00000007c0000000)
  eden space 81920K, 100% used [0x0000000780500000,0x0000000785500000,0x0000000785500000)
  from space 38912K, 77% used [0x0000000787e00000,0x0000000789b96950,0x000000078a400000)
  to   space 41984K, 0% used [0x0000000785500000,0x0000000785500000,0x0000000787e00000)
 ParOldGen       total 520704K, used 382201K [0x0000000700e00000, 0x0000000720a80000, 0x0000000780500000)
  object space 520704K, 73% used [0x0000000700e00000,0x000000071833e720,0x0000000720a80000)
 Metaspace       used 147298K, capacity 151392K, committed 152704K, reserved 1185792K
  class space    used 14761K, capacity 15701K, committed 16000K, reserved 1048576K
Event: 169603.021 GC heap after
Heap after GC invocations=4040 (full 25):
 PSYoungGen      total 123904K, used 31386K [0x0000000780500000, 0x000000078b180000, 0x00000007c0000000)
  eden space 81920K, 0% used [0x0000000780500000,0x0000000780500000,0x0000000785500000)
  from space 41984K, 74% used [0x0000000785500000,0x00000007873a69f0,0x0000000787e00000)
  to   space 45056K, 0% used [0x0000000788580000,0x0000000788580000,0x000000078b180000)
 ParOldGen       total 520704K, used 382813K [0x0000000700e00000, 0x0000000720a80000, 0x0000000780500000)
  object space 520704K, 73% used [0x0000000700e00000,0x00000007183d7730,0x0000000720a80000)
 Metaspace       used 147298K, capacity 151392K, committed 152704K, reserved 1185792K
  class space    used 14761K, capacity 15701K, committed 16000K, reserved 1048576K
}
Event: 169631.775 GC heap before
{Heap before GC invocations=4041 (full 25):
 PSYoungGen      total 123904K, used 113306K [0x0000000780500000, 0x000000078b180000, 0x00000007c0000000)
  eden space 81920K, 100% used [0x0000000780500000,0x0000000785500000,0x0000000785500000)
  from space 41984K, 74% used [0x0000000785500000,0x00000007873a69f0,0x0000000787e00000)
  to   space 45056K, 0% used [0x0000000788580000,0x0000000788580000,0x000000078b180000)
 ParOldGen       total 520704K, used 382813K [0x0000000700e00000, 0x0000000720a80000, 0x0000000780500000)
  object space 520704K, 73% used [0x0000000700e00000,0x00000007183d7730,0x0000000720a80000)
 Metaspace       used 147339K, capacity 151506K, committed 152704K, reserved 1185792K
  class space    used 14771K, capacity 15720K, committed 16000K, reserved 1048576K
Event: 169631.829 GC heap after
Heap after GC invocations=4041 (full 25):
 PSYoungGen      total 130560K, used 29482K [0x0000000780500000, 0x000000078b280000, 0x00000007c0000000)
  eden space 85504K, 0% used [0x0000000780500000,0x0000000780500000,0x0000000785880000)
  from space 45056K, 65% used [0x0000000788580000,0x000000078a24aa00,0x000000078b180000)
  to   space 46080K, 0% used [0x0000000785880000,0x0000000785880000,0x0000000788580000)
 ParOldGen       total 520704K, used 385541K [0x0000000700e00000, 0x0000000720a80000, 0x0000000780500000)
  object space 520704K, 74% used [0x0000000700e00000,0x0000000718681740,0x0000000720a80000)
 Metaspace       used 147339K, capacity 151506K, committed 152704K, reserved 1185792K
  class space    used 14771K, capacity 15720K, committed 16000K, reserved 1048576K
}
Event: 169684.226 GC heap before
{Heap before GC invocations=4042 (full 25):
 PSYoungGen      total 130560K, used 114986K [0x0000000780500000, 0x000000078b280000, 0x00000007c0000000)
  eden space 85504K, 100% used [0x0000000780500000,0x0000000785880000,0x0000000785880000)
  from space 45056K, 65% used [0x0000000788580000,0x000000078a24aa00,0x000000078b180000)
  to   space 46080K, 0% used [0x0000000785880000,0x0000000785880000,0x0000000788580000)
 ParOldGen       total 520704K, used 385541K [0x0000000700e00000, 0x0000000720a80000, 0x0000000780500000)
  object space 520704K, 74% used [0x0000000700e00000,0x0000000718681740,0x0000000720a80000)
 Metaspace       used 147355K, capacity 151518K, committed 152704K, reserved 1185792K
  class space    used 14773K, capacity 15722K, committed 16000K, reserved 1048576K
Event: 169684.265 GC heap after
Heap after GC invocations=4042 (full 25):
 PSYoungGen      total 131584K, used 29775K [0x0000000780500000, 0x000000078b880000, 0x00000007c0000000)
  eden space 85504K, 0% used [0x0000000780500000,0x0000000780500000,0x0000000785880000)
  from space 46080K, 64% used [0x0000000785880000,0x0000000787593fd8,0x0000000788580000)
  to   space 47616K, 0% used [0x0000000788a00000,0x0000000788a00000,0x000000078b880000)
 ParOldGen       total 520704K, used 386461K [0x0000000700e00000, 0x0000000720a80000, 0x0000000780500000)
  object space 520704K, 74% used [0x0000000700e00000,0x00000007187677e0,0x0000000720a80000)
 Metaspace       used 147355K, capacity 151518K, committed 152704K, reserved 1185792K
  class space    used 14773K, capacity 15722K, committed 16000K, reserved 1048576K
}

