# JRE version: Java(TM) SE Runtime Environment (8.0_31-b13) (build 1.8.0_31-b13)
# Java VM: Java HotSpot(TM) 64-Bit Server VM (25.31-b07 mixed mode windows-amd64 compressed oops)
Heap:
 PSYoungGen      total 989184K, used 215438K [0x0000000780500000, 0x00000007bf900000, 0x00000007c0000000)
  eden space 941056K, 21% used [0x0000000780500000,0x000000078c68b7a8,0x00000007b9c00000)
  from space 48128K, 35% used [0x00000007bca00000,0x00000007bdad8120,0x00000007bf900000)
  to   space 47104K, 0% used [0x00000007b9c00000,0x00000007b9c00000,0x00000007bca00000)
 ParOldGen       total 154112K, used 97202K [0x0000000700e00000, 0x000000070a480000, 0x0000000780500000)
  object space 154112K, 63% used [0x0000000700e00000,0x0000000706cec820,0x000000070a480000)
 Metaspace       used 80546K, capacity 82544K, committed 82688K, reserved 1122304K
  class space    used 10014K, capacity 10407K, committed 10496K, reserved 1048576K
GC Heap History (10 events):
Event: 385.560 GC heap before
{Heap before GC invocations=18 (full 3):
 PSYoungGen      total 807936K, used 226181K [0x0000000780500000, 0x00000007b6780000, 0x00000007c0000000)
  eden space 782848K, 26% used [0x0000000780500000,0x000000078ccafa90,0x00000007b0180000)
  from space 25088K, 86% used [0x00000007b4f00000,0x00000007b64319a8,0x00000007b6780000)
  to   space 52224K, 0% used [0x00000007b0180000,0x00000007b0180000,0x00000007b3480000)
 ParOldGen       total 154112K, used 122658K [0x0000000700e00000, 0x000000070a480000, 0x0000000780500000)
  object space 154112K, 79% used [0x0000000700e00000,0x00000007085c89b8,0x000000070a480000)
 Metaspace       used 76042K, capacity 77636K, committed 77824K, reserved 1118208K
  class space    used 9664K, capacity 9981K, committed 9984K, reserved 1048576K
Event: 385.602 GC heap after
Heap after GC invocations=18 (full 3):
 PSYoungGen      total 835072K, used 192K [0x0000000780500000, 0x00000007b6980000, 0x00000007c0000000)
  eden space 782848K, 0% used [0x0000000780500000,0x0000000780500000,0x00000007b0180000)
  from space 52224K, 0% used [0x00000007b0180000,0x00000007b01b0000,0x00000007b3480000)
  to   space 53248K, 0% used [0x00000007b3580000,0x00000007b3580000,0x00000007b6980000)
 ParOldGen       total 154112K, used 133113K [0x0000000700e00000, 0x000000070a480000, 0x0000000780500000)
  object space 154112K, 86% used [0x0000000700e00000,0x0000000708ffe740,0x000000070a480000)
 Metaspace       used 76042K, capacity 77636K, committed 77824K, reserved 1118208K
  class space    used 9664K, capacity 9981K, committed 9984K, reserved 1048576K
}
Event: 385.602 GC heap before
{Heap before GC invocations=19 (full 4):
 PSYoungGen      total 835072K, used 192K [0x0000000780500000, 0x00000007b6980000, 0x00000007c0000000)
  eden space 782848K, 0% used [0x0000000780500000,0x0000000780500000,0x00000007b0180000)
  from space 52224K, 0% used [0x00000007b0180000,0x00000007b01b0000,0x00000007b3480000)
  to   space 53248K, 0% used [0x00000007b3580000,0x00000007b3580000,0x00000007b6980000)
 ParOldGen       total 154112K, used 133113K [0x0000000700e00000, 0x000000070a480000, 0x0000000780500000)
  object space 154112K, 86% used [0x0000000700e00000,0x0000000708ffe740,0x000000070a480000)
 Metaspace       used 76042K, capacity 77636K, committed 77824K, reserved 1118208K
  class space    used 9664K, capacity 9981K, committed 9984K, reserved 1048576K
Event: 386.367 GC heap after
Heap after GC invocations=19 (full 4):
 PSYoungGen      total 835072K, used 0K [0x0000000780500000, 0x00000007b6980000, 0x00000007c0000000)
  eden space 782848K, 0% used [0x0000000780500000,0x0000000780500000,0x00000007b0180000)
  from space 52224K, 0% used [0x00000007b0180000,0x00000007b0180000,0x00000007b3480000)
  to   space 53248K, 0% used [0x00000007b3580000,0x00000007b3580000,0x00000007b6980000)
 ParOldGen       total 154112K, used 78893K [0x0000000700e00000, 0x000000070a480000, 0x0000000780500000)
  object space 154112K, 51% used [0x0000000700e00000,0x0000000705b0b450,0x000000070a480000)
 Metaspace       used 75842K, capacity 77318K, committed 77824K, reserved 1118208K
  class space    used 9634K, capacity 9928K, committed 9984K, reserved 1048576K
}
Event: 402.205 GC heap before
{Heap before GC invocations=20 (full 4):
 PSYoungGen      total 835072K, used 782848K [0x0000000780500000, 0x00000007b6980000, 0x00000007c0000000)
  eden space 782848K, 100% used [0x0000000780500000,0x00000007b0180000,0x00000007b0180000)
  from space 52224K, 0% used [0x00000007b0180000,0x00000007b0180000,0x00000007b3480000)
  to   space 53248K, 0% used [0x00000007b3580000,0x00000007b3580000,0x00000007b6980000)
 ParOldGen       total 154112K, used 78893K [0x0000000700e00000, 0x000000070a480000, 0x0000000780500000)
  object space 154112K, 51% used [0x0000000700e00000,0x0000000705b0b450,0x000000070a480000)
 Metaspace       used 78377K, capacity 80086K, committed 80384K, reserved 1120256K
  class space    used 9842K, capacity 10180K, committed 10240K, reserved 1048576K
Event: 402.256 GC heap after
Heap after GC invocations=20 (full 4):
 PSYoungGen      total 837632K, used 24319K [0x0000000780500000, 0x00000007bfe00000, 0x00000007c0000000)
  eden space 784384K, 0% used [0x0000000780500000,0x0000000780500000,0x00000007b0300000)
  from space 53248K, 45% used [0x00000007b3580000,0x00000007b4d3fe10,0x00000007b6980000)
  to   space 51712K, 0% used [0x00000007b0300000,0x00000007b0300000,0x00000007b3580000)
 ParOldGen       total 154112K, used 78893K [0x0000000700e00000, 0x000000070a480000, 0x0000000780500000)
  object space 154112K, 51% used [0x0000000700e00000,0x0000000705b0b450,0x000000070a480000)
 Metaspace       used 78377K, capacity 80086K, committed 80384K, reserved 1120256K
  class space    used 9842K, capacity 10180K, committed 10240K, reserved 1048576K
}
Event: 641.143 GC heap before
{Heap before GC invocations=21 (full 4):
 PSYoungGen      total 837632K, used 808703K [0x0000000780500000, 0x00000007bfe00000, 0x00000007c0000000)
  eden space 784384K, 100% used [0x0000000780500000,0x00000007b0300000,0x00000007b0300000)
  from space 53248K, 45% used [0x00000007b3580000,0x00000007b4d3fe10,0x00000007b6980000)
  to   space 51712K, 0% used [0x00000007b0300000,0x00000007b0300000,0x00000007b3580000)
 ParOldGen       total 154112K, used 78893K [0x0000000700e00000, 0x000000070a480000, 0x0000000780500000)
  object space 154112K, 51% used [0x0000000700e00000,0x0000000705b0b450,0x000000070a480000)
 Metaspace       used 80451K, capacity 82482K, committed 82688K, reserved 1122304K
  class space    used 10002K, capacity 10370K, committed 10496K, reserved 1048576K
Event: 641.198 GC heap after
Heap after GC invocations=21 (full 4):
 PSYoungGen      total 836096K, used 15184K [0x0000000780500000, 0x00000007bfa80000, 0x00000007c0000000)
  eden space 784384K, 0% used [0x0000000780500000,0x0000000780500000,0x00000007b0300000)
  from space 51712K, 29% used [0x00000007b0300000,0x00000007b11d4360,0x00000007b3580000)
  to   space 49664K, 0% used [0x00000007bca00000,0x00000007bca00000,0x00000007bfa80000)
 ParOldGen       total 154112K, used 97194K [0x0000000700e00000, 0x000000070a480000, 0x0000000780500000)
  object space 154112K, 63% used [0x0000000700e00000,0x0000000706cea820,0x000000070a480000)
 Metaspace       used 80451K, capacity 82482K, committed 82688K, reserved 1122304K
  class space    used 10002K, capacity 10370K, committed 10496K, reserved 1048576K
}
Event: 1623.611 GC heap before
{Heap before GC invocations=22 (full 4):
 PSYoungGen      total 836096K, used 799568K [0x0000000780500000, 0x00000007bfa80000, 0x00000007c0000000)
  eden space 784384K, 100% used [0x0000000780500000,0x00000007b0300000,0x00000007b0300000)
  from space 51712K, 29% used [0x00000007b0300000,0x00000007b11d4360,0x00000007b3580000)
  to   space 49664K, 0% used [0x00000007bca00000,0x00000007bca00000,0x00000007bfa80000)
 ParOldGen       total 154112K, used 97194K [0x0000000700e00000, 0x000000070a480000, 0x0000000780500000)
  object space 154112K, 63% used [0x0000000700e00000,0x0000000706cea820,0x000000070a480000)
 Metaspace       used 80514K, capacity 82544K, committed 82688K, reserved 1122304K
  class space    used 10013K, capacity 10407K, committed 10496K, reserved 1048576K
Event: 1623.636 GC heap after
Heap after GC invocations=22 (full 4):
 PSYoungGen      total 989184K, used 17248K [0x0000000780500000, 0x00000007bf900000, 0x00000007c0000000)
  eden space 941056K, 0% used [0x0000000780500000,0x0000000780500000,0x00000007b9c00000)
  from space 48128K, 35% used [0x00000007bca00000,0x00000007bdad8120,0x00000007bf900000)
  to   space 47104K, 0% used [0x00000007b9c00000,0x00000007b9c00000,0x00000007bca00000)
 ParOldGen       total 154112K, used 97202K [0x0000000700e00000, 0x000000070a480000, 0x0000000780500000)
  object space 154112K, 63% used [0x0000000700e00000,0x0000000706cec820,0x000000070a480000)
 Metaspace       used 80514K, capacity 82544K, committed 82688K, reserved 1122304K
  class space    used 10013K, capacity 10407K, committed 10496K, reserved 1048576K
}

