# JRE version: Java(TM) SE Runtime Environment (8.0_31-b13) (build 1.8.0_31-b13)
# Java VM: Java HotSpot(TM) 64-Bit Server VM (25.31-b07 mixed mode windows-amd64 compressed oops)
Heap:
 PSYoungGen      total 554496K, used 89265K [0x0000000780500000, 0x00000007a5480000, 0x00000007c0000000)
  eden space 519680K, 17% used [0x0000000780500000,0x0000000785c2c4b8,0x00000007a0080000)
  from space 34816K, 0% used [0x00000007a0080000,0x00000007a0080000,0x00000007a2280000)
  to   space 36352K, 0% used [0x00000007a3100000,0x00000007a3100000,0x00000007a5480000)
 ParOldGen       total 221696K, used 99731K [0x0000000700e00000, 0x000000070e680000, 0x0000000780500000)
  object space 221696K, 44% used [0x0000000700e00000,0x0000000706f64dc8,0x000000070e680000)
 Metaspace       used 82611K, capacity 84844K, committed 85248K, reserved 1124352K
  class space    used 10252K, capacity 10671K, committed 10752K, reserved 1048576K
GC Heap History (10 events):
Event: 3413.822 GC heap before
{Heap before GC invocations=39 (full 5):
 PSYoungGen      total 508928K, used 495104K [0x0000000780500000, 0x00000007a3b00000, 0x00000007c0000000)
  eden space 495104K, 100% used [0x0000000780500000,0x000000079e880000,0x000000079e880000)
  from space 13824K, 0% used [0x00000007a1a00000,0x00000007a1a00000,0x00000007a2780000)
  to   space 19968K, 0% used [0x00000007a2780000,0x00000007a2780000,0x00000007a3b00000)
 ParOldGen       total 221696K, used 76134K [0x0000000700e00000, 0x000000070e680000, 0x0000000780500000)
  object space 221696K, 34% used [0x0000000700e00000,0x0000000705859888,0x000000070e680000)
 Metaspace       used 79690K, capacity 81608K, committed 82304K, reserved 1120256K
  class space    used 10034K, capacity 10427K, committed 10624K, reserved 1048576K
Event: 3413.859 GC heap after
Heap after GC invocations=39 (full 5):
 PSYoungGen      total 529920K, used 19555K [0x0000000780500000, 0x00000007a3b00000, 0x00000007c0000000)
  eden space 509952K, 0% used [0x0000000780500000,0x0000000780500000,0x000000079f700000)
  from space 19968K, 97% used [0x00000007a2780000,0x00000007a3a98c08,0x00000007a3b00000)
  to   space 25088K, 0% used [0x00000007a0a00000,0x00000007a0a00000,0x00000007a2280000)
 ParOldGen       total 221696K, used 76134K [0x0000000700e00000, 0x000000070e680000, 0x0000000780500000)
  object space 221696K, 34% used [0x0000000700e00000,0x0000000705859888,0x000000070e680000)
 Metaspace       used 79690K, capacity 81608K, committed 82304K, reserved 1120256K
  class space    used 10034K, capacity 10427K, committed 10624K, reserved 1048576K
}
Event: 3438.444 GC heap before
{Heap before GC invocations=40 (full 5):
 PSYoungGen      total 529920K, used 529507K [0x0000000780500000, 0x00000007a3b00000, 0x00000007c0000000)
  eden space 509952K, 100% used [0x0000000780500000,0x000000079f700000,0x000000079f700000)
  from space 19968K, 97% used [0x00000007a2780000,0x00000007a3a98c08,0x00000007a3b00000)
  to   space 25088K, 0% used [0x00000007a0a00000,0x00000007a0a00000,0x00000007a2280000)
 ParOldGen       total 221696K, used 76134K [0x0000000700e00000, 0x000000070e680000, 0x0000000780500000)
  object space 221696K, 34% used [0x0000000700e00000,0x0000000705859888,0x000000070e680000)
 Metaspace       used 82181K, capacity 84358K, committed 84480K, reserved 1122304K
  class space    used 10204K, capacity 10636K, committed 10752K, reserved 1048576K
Event: 3438.491 GC heap after
Heap after GC invocations=40 (full 5):
 PSYoungGen      total 547328K, used 25085K [0x0000000780500000, 0x00000007a3d00000, 0x00000007c0000000)
  eden space 522240K, 0% used [0x0000000780500000,0x0000000780500000,0x00000007a0300000)
  from space 25088K, 99% used [0x00000007a0a00000,0x00000007a227f5d8,0x00000007a2280000)
  to   space 27136K, 0% used [0x00000007a2280000,0x00000007a2280000,0x00000007a3d00000)
 ParOldGen       total 221696K, used 80977K [0x0000000700e00000, 0x000000070e680000, 0x0000000780500000)
  object space 221696K, 36% used [0x0000000700e00000,0x0000000705d147d0,0x000000070e680000)
 Metaspace       used 82181K, capacity 84358K, committed 84480K, reserved 1122304K
  class space    used 10204K, capacity 10636K, committed 10752K, reserved 1048576K
}
Event: 3597.204 GC heap before
{Heap before GC invocations=41 (full 5):
 PSYoungGen      total 547328K, used 547325K [0x0000000780500000, 0x00000007a3d00000, 0x00000007c0000000)
  eden space 522240K, 100% used [0x0000000780500000,0x00000007a0300000,0x00000007a0300000)
  from space 25088K, 99% used [0x00000007a0a00000,0x00000007a227f5d8,0x00000007a2280000)
  to   space 27136K, 0% used [0x00000007a2280000,0x00000007a2280000,0x00000007a3d00000)
 ParOldGen       total 221696K, used 80977K [0x0000000700e00000, 0x000000070e680000, 0x0000000780500000)
  object space 221696K, 36% used [0x0000000700e00000,0x0000000705d147d0,0x000000070e680000)
 Metaspace       used 82585K, capacity 84882K, committed 84992K, reserved 1124352K
  class space    used 10248K, capacity 10698K, committed 10752K, reserved 1048576K
Event: 3597.322 GC heap after
Heap after GC invocations=41 (full 5):
 PSYoungGen      total 546816K, used 27116K [0x0000000780500000, 0x00000007a5180000, 0x00000007c0000000)
  eden space 519680K, 0% used [0x0000000780500000,0x0000000780500000,0x00000007a0080000)
  from space 27136K, 99% used [0x00000007a2280000,0x00000007a3cfb268,0x00000007a3d00000)
  to   space 34816K, 0% used [0x00000007a0080000,0x00000007a0080000,0x00000007a2280000)
 ParOldGen       total 221696K, used 87523K [0x0000000700e00000, 0x000000070e680000, 0x0000000780500000)
  object space 221696K, 39% used [0x0000000700e00000,0x0000000706378d50,0x000000070e680000)
 Metaspace       used 82585K, capacity 84882K, committed 84992K, reserved 1124352K
  class space    used 10248K, capacity 10698K, committed 10752K, reserved 1048576K
}
Event: 3677.953 GC heap before
{Heap before GC invocations=42 (full 5):
 PSYoungGen      total 546816K, used 278355K [0x0000000780500000, 0x00000007a5180000, 0x00000007c0000000)
  eden space 519680K, 48% used [0x0000000780500000,0x000000078fa59a98,0x00000007a0080000)
  from space 27136K, 99% used [0x00000007a2280000,0x00000007a3cfb268,0x00000007a3d00000)
  to   space 34816K, 0% used [0x00000007a0080000,0x00000007a0080000,0x00000007a2280000)
 ParOldGen       total 221696K, used 87523K [0x0000000700e00000, 0x000000070e680000, 0x0000000780500000)
  object space 221696K, 39% used [0x0000000700e00000,0x0000000706378d50,0x000000070e680000)
 Metaspace       used 82737K, capacity 85064K, committed 85248K, reserved 1124352K
  class space    used 10265K, capacity 10708K, committed 10752K, reserved 1048576K
Event: 3678.028 GC heap after
Heap after GC invocations=42 (full 5):
 PSYoungGen      total 554496K, used 26627K [0x0000000780500000, 0x00000007a5480000, 0x00000007c0000000)
  eden space 519680K, 0% used [0x0000000780500000,0x0000000780500000,0x00000007a0080000)
  from space 34816K, 76% used [0x00000007a0080000,0x00000007a1a80e18,0x00000007a2280000)
  to   space 36352K, 0% used [0x00000007a3100000,0x00000007a3100000,0x00000007a5480000)
 ParOldGen       total 221696K, used 87531K [0x0000000700e00000, 0x000000070e680000, 0x0000000780500000)
  object space 221696K, 39% used [0x0000000700e00000,0x000000070637ad50,0x000000070e680000)
 Metaspace       used 82737K, capacity 85064K, committed 85248K, reserved 1124352K
  class space    used 10265K, capacity 10708K, committed 10752K, reserved 1048576K
}
Event: 3678.028 GC heap before
{Heap before GC invocations=43 (full 6):
 PSYoungGen      total 554496K, used 26627K [0x0000000780500000, 0x00000007a5480000, 0x00000007c0000000)
  eden space 519680K, 0% used [0x0000000780500000,0x0000000780500000,0x00000007a0080000)
  from space 34816K, 76% used [0x00000007a0080000,0x00000007a1a80e18,0x00000007a2280000)
  to   space 36352K, 0% used [0x00000007a3100000,0x00000007a3100000,0x00000007a5480000)
 ParOldGen       total 221696K, used 87531K [0x0000000700e00000, 0x000000070e680000, 0x0000000780500000)
  object space 221696K, 39% used [0x0000000700e00000,0x000000070637ad50,0x000000070e680000)
 Metaspace       used 82737K, capacity 85064K, committed 85248K, reserved 1124352K
  class space    used 10265K, capacity 10708K, committed 10752K, reserved 1048576K
Event: 3679.508 GC heap after
Heap after GC invocations=43 (full 6):
 PSYoungGen      total 554496K, used 0K [0x0000000780500000, 0x00000007a5480000, 0x00000007c0000000)
  eden space 519680K, 0% used [0x0000000780500000,0x0000000780500000,0x00000007a0080000)
  from space 34816K, 0% used [0x00000007a0080000,0x00000007a0080000,0x00000007a2280000)
  to   space 36352K, 0% used [0x00000007a3100000,0x00000007a3100000,0x00000007a5480000)
 ParOldGen       total 221696K, used 99731K [0x0000000700e00000, 0x000000070e680000, 0x0000000780500000)
  object space 221696K, 44% used [0x0000000700e00000,0x0000000706f64dc8,0x000000070e680000)
 Metaspace       used 82541K, capacity 84752K, committed 85248K, reserved 1124352K
  class space    used 10236K, capacity 10656K, committed 10752K, reserved 1048576K
}

